[debug] [2022-06-04T14:40:23.130Z] ----------------------------------------------------------------------
[debug] [2022-06-04T14:40:23.131Z] Command:       /snap/node/6378/bin/node /usr/local/bin/firebase deploy
[debug] [2022-06-04T14:40:23.131Z] CLI Version:   11.0.1
[debug] [2022-06-04T14:40:23.131Z] Platform:      linux
[debug] [2022-06-04T14:40:23.131Z] Node Version:  v16.15.1
[debug] [2022-06-04T14:40:23.132Z] Time:          Sat Jun 04 2022 11:40:23 GMT-0300 (Horário Padrão de Brasília)
[debug] [2022-06-04T14:40:23.132Z] ----------------------------------------------------------------------
[debug] 
[debug] [2022-06-04T14:40:23.168Z] > command requires scopes: ["email","openid","https://www.googleapis.com/auth/cloudplatformprojects.readonly","https://www.googleapis.com/auth/firebase","https://www.googleapis.com/auth/cloud-platform"]
[debug] [2022-06-04T14:40:23.168Z] > authorizing via signed-in user (machuno@gmail.com)
[debug] [2022-06-04T14:40:23.168Z] [iam] checking project portfolio-dda13 for permissions ["cloudfunctions.functions.create","cloudfunctions.functions.delete","cloudfunctions.functions.get","cloudfunctions.functions.list","cloudfunctions.functions.update","cloudfunctions.operations.get","datastore.indexes.create","datastore.indexes.delete","datastore.indexes.list","datastore.indexes.update","firebase.projects.get","firebasehosting.sites.update"]
[debug] [2022-06-04T14:40:23.169Z] >>> [apiv2][query] POST https://cloudresourcemanager.googleapis.com/v1/projects/portfolio-dda13:testIamPermissions [none]
[debug] [2022-06-04T14:40:23.169Z] >>> [apiv2][body] POST https://cloudresourcemanager.googleapis.com/v1/projects/portfolio-dda13:testIamPermissions {"permissions":["cloudfunctions.functions.create","cloudfunctions.functions.delete","cloudfunctions.functions.get","cloudfunctions.functions.list","cloudfunctions.functions.update","cloudfunctions.operations.get","datastore.indexes.create","datastore.indexes.delete","datastore.indexes.list","datastore.indexes.update","firebase.projects.get","firebasehosting.sites.update"]}
[debug] [2022-06-04T14:40:24.157Z] <<< [apiv2][status] POST https://cloudresourcemanager.googleapis.com/v1/projects/portfolio-dda13:testIamPermissions 200
[debug] [2022-06-04T14:40:24.157Z] <<< [apiv2][body] POST https://cloudresourcemanager.googleapis.com/v1/projects/portfolio-dda13:testIamPermissions {"permissions":["cloudfunctions.functions.create","cloudfunctions.functions.delete","cloudfunctions.functions.get","cloudfunctions.functions.list","cloudfunctions.functions.update","cloudfunctions.operations.get","datastore.indexes.create","datastore.indexes.delete","datastore.indexes.list","datastore.indexes.update","firebase.projects.get","firebasehosting.sites.update"]}
[debug] [2022-06-04T14:40:24.157Z] >>> [apiv2][query] POST https://iam.googleapis.com/v1/projects/portfolio-dda13/serviceAccounts/portfolio-dda13@appspot.gserviceaccount.com:testIamPermissions [none]
[debug] [2022-06-04T14:40:24.157Z] >>> [apiv2][body] POST https://iam.googleapis.com/v1/projects/portfolio-dda13/serviceAccounts/portfolio-dda13@appspot.gserviceaccount.com:testIamPermissions {"permissions":["iam.serviceAccounts.actAs"]}
[debug] [2022-06-04T14:40:25.056Z] <<< [apiv2][status] POST https://iam.googleapis.com/v1/projects/portfolio-dda13/serviceAccounts/portfolio-dda13@appspot.gserviceaccount.com:testIamPermissions 404
[debug] [2022-06-04T14:40:25.056Z] <<< [apiv2][body] POST https://iam.googleapis.com/v1/projects/portfolio-dda13/serviceAccounts/portfolio-dda13@appspot.gserviceaccount.com:testIamPermissions {"error":{"code":404,"message":"Unknown service account","status":"NOT_FOUND"}}
[debug] [2022-06-04T14:40:25.057Z] [functions] service account IAM check errored, deploy may fail:HTTP Error: 404, Unknown service account {"name":"FirebaseError","children":[],"context":{"body":{"error":{"code":404,"message":"Unknown service account","status":"NOT_FOUND"}},"response":{"statusCode":404}},"exit":1,"message":"HTTP Error: 404, Unknown service account","status":404}
[debug] [2022-06-04T14:40:25.058Z] >>> [apiv2][query] GET https://firebase.googleapis.com/v1beta1/projects/portfolio-dda13 [none]
[debug] [2022-06-04T14:40:26.069Z] <<< [apiv2][status] GET https://firebase.googleapis.com/v1beta1/projects/portfolio-dda13 200
[debug] [2022-06-04T14:40:26.069Z] <<< [apiv2][body] GET https://firebase.googleapis.com/v1beta1/projects/portfolio-dda13 {"projectId":"portfolio-dda13","projectNumber":"487358867301","displayName":"portfolio","name":"projects/portfolio-dda13","resources":{"hostingSite":"portfolio-dda13"},"state":"ACTIVE"}
[info] 
[info] === Deploying to 'portfolio-dda13'...
[info] 
[info] i  deploying firestore, functions, hosting 
[debug] [2022-06-04T14:40:26.206Z] TypeError [ERR_INVALID_ARG_TYPE]: The "path" argument must be of type string. Received undefined
    at new NodeError (node:internal/errors:372:5)
    at validateString (node:internal/validators:120:11)
    at Object.join (node:path:1172:7)
    at Config.path (/usr/local/lib/node_modules/firebase-tools/lib/config.js:122:45)
    at getChildEnvironment (/usr/local/lib/node_modules/firebase-tools/lib/deploy/lifecycleHooks.js:50:49)
    at runTargetCommands (/usr/local/lib/node_modules/firebase-tools/lib/deploy/lifecycleHooks.js:71:14)
    at /usr/local/lib/node_modules/firebase-tools/lib/deploy/lifecycleHooks.js:122:24
    at processTicksAndRejections (node:internal/process/task_queues:96:5)
    at async chain (/usr/local/lib/node_modules/firebase-tools/lib/deploy/index.js:33:9)
    at async deploy (/usr/local/lib/node_modules/firebase-tools/lib/deploy/index.js:67:5)
[error] 
[error] Error: An unexpected error has occurred.
